<?xml version="1.0" encoding="UTF-8"?>
<!-- Generated by org.testng.reporters.JUnitReportReporter -->
<testsuite skipped="0" hostname="DESKTOP-G2FMAHC" name="com.yzt.test.tms.IPSTest" tests="2" failures="0" timestamp="05 三月 2018 07:44:46 GMT" time="11.904" errors="0">
  <testcase name="loginTest" time="0.313" classname="com.yzt.test.tms.IPSTest"/>
  <testcase name="taskCountTest" time="11.591" classname="com.yzt.test.tms.IPSTest"/>
</testsuite> <!-- com.yzt.test.tms.IPSTest -->
