<?xml version="1.0" encoding="UTF-8"?>
<!-- Generated by org.testng.reporters.JUnitReportReporter -->
<testsuite skipped="0" hostname="DESKTOP-G2FMAHC" name="com.yzt.testcase.IPSTest" tests="2" failures="0" timestamp="23 三月 2018 08:05:59 GMT" time="0.484" errors="0">
  <testcase name="loginTest" time="0.376" classname="com.yzt.testcase.IPSTest"/>
  <testcase name="findTaskInstallTest" time="0.108" classname="com.yzt.testcase.IPSTest"/>
</testsuite> <!-- com.yzt.testcase.IPSTest -->
