<?xml version="1.0" encoding="UTF-8"?>
<!-- Generated by org.testng.reporters.JUnitReportReporter -->
<testsuite skipped="1" hostname="DESKTOP-G2FMAHC" name="com.yzt.testcase.CMBTest" tests="1" failures="0" timestamp="09 三月 2018 02:59:55 GMT" time="0.000" errors="0">
  <testcase name="loginTest" time="0.000" classname="com.yzt.testcase.CMBTest">
    <skipped/>
  </testcase> <!-- loginTest -->
</testsuite> <!-- com.yzt.testcase.CMBTest -->
