<?xml version="1.0" encoding="UTF-8"?>
<!-- Generated by org.testng.reporters.JUnitReportReporter -->
<testsuite skipped="0" hostname="DESKTOP-G2FMAHC" name="com.yzt.testcase.IPSTest" tests="12" failures="0" timestamp="16 三月 2018 05:39:16 GMT" time="2.433" errors="0">
  <testcase name="trunkEndTest" time="0.059" classname="com.yzt.testcase.IPSTest"/>
  <testcase name="uploadToSignTest" time="0.280" classname="com.yzt.testcase.IPSTest"/>
  <testcase name="findTaskInstallTest" time="0.118" classname="com.yzt.testcase.IPSTest"/>
  <testcase name="appointmentTest" time="0.052" classname="com.yzt.testcase.IPSTest"/>
  <testcase name="loginTest" time="0.295" classname="com.yzt.testcase.IPSTest"/>
  <testcase name="pickUpTest" time="0.049" classname="com.yzt.testcase.IPSTest"/>
  <testcase name="findMetaTest" time="0.043" classname="com.yzt.testcase.IPSTest"/>
  <testcase name="saveTaskTraceTest" time="0.042" classname="com.yzt.testcase.IPSTest"/>
  <testcase name="batDisWorkerTest" time="0.053" classname="com.yzt.testcase.IPSTest"/>
  <testcase name="signTest" time="0.169" classname="com.yzt.testcase.IPSTest"/>
  <testcase name="findTaskFeeTest" time="0.042" classname="com.yzt.testcase.IPSTest"/>
  <testcase name="queryUserJztTest" time="1.231" classname="com.yzt.testcase.IPSTest"/>
</testsuite> <!-- com.yzt.testcase.IPSTest -->
