<?xml version="1.0" encoding="UTF-8"?>
<!-- Generated by org.testng.reporters.JUnitReportReporter -->
<testsuite skipped="0" hostname="DESKTOP-G2FMAHC" name="com.yzt.testcase.IPSTest" tests="4" failures="0" timestamp="14 三月 2018 01:32:05 GMT" time="0.572" errors="0">
  <testcase name="findTaskInstallTest" time="0.091" classname="com.yzt.testcase.IPSTest"/>
  <testcase name="loginTest" time="0.322" classname="com.yzt.testcase.IPSTest"/>
  <testcase name="saveTaskTraceTest" time="0.082" classname="com.yzt.testcase.IPSTest"/>
  <testcase name="findMetaTest" time="0.077" classname="com.yzt.testcase.IPSTest"/>
</testsuite> <!-- com.yzt.testcase.IPSTest -->
