<?xml version="1.0" encoding="UTF-8"?>
<!-- Generated by org.testng.reporters.JUnitReportReporter -->
<testsuite skipped="0" hostname="DESKTOP-G2FMAHC" name="com.yzt.testcase.CMPTest" tests="3" failures="0" timestamp="09 三月 2018 10:29:09 GMT" time="1.483" errors="0">
  <testcase name="queryTeskByWaybillIdTest" time="0.052" classname="com.yzt.testcase.CMPTest"/>
  <testcase name="loginTest" time="0.327" classname="com.yzt.testcase.CMPTest"/>
  <testcase name="updateTeskByWaybillIdTest" time="1.104" classname="com.yzt.testcase.CMPTest"/>
</testsuite> <!-- com.yzt.testcase.CMPTest -->
