<?xml version="1.0" encoding="UTF-8"?>
<!-- Generated by org.testng.reporters.JUnitReportReporter -->
<testsuite skipped="0" hostname="DESKTOP-G2FMAHC" name="com.yzt.testcase.order.OrderTest" tests="1" failures="0" timestamp="21 三月 2018 07:21:30 GMT" time="0.314" errors="0">
  <testcase name="queryWaybillByIdTest" time="0.314" classname="com.yzt.testcase.order.OrderTest"/>
</testsuite> <!-- com.yzt.testcase.order.OrderTest -->
