<?xml version="1.0" encoding="UTF-8"?>
<!-- Generated by org.testng.reporters.JUnitReportReporter -->
<testsuite skipped="4" hostname="DESKTOP-G2FMAHC" name="com.yzt.testcase.order.OrderTest" tests="6" failures="0"
           timestamp="08 四月 2018 04:37:15 GMT" time="0.328" errors="0">
    <testcase name="queryOrderListPageTest" time="0.011" classname="com.yzt.testcase.order.OrderTest"/>
    <testcase name="orderBindWaybillListPageTest" time="0.317" classname="com.yzt.testcase.order.OrderTest"/>
    <testcase name="queryOrderByIdTest" classname="com.yzt.testcase.order.OrderTest">
        <skipped/>
    </testcase> <!-- queryOrderByIdTest -->
    <testcase name="orderRefuseTest" classname="com.yzt.testcase.order.OrderTest">
        <skipped/>
    </testcase> <!-- orderRefuseTest -->
    <testcase name="queryWaybillByIdTest" classname="com.yzt.testcase.order.OrderTest">
        <skipped/>
    </testcase> <!-- queryWaybillByIdTest -->
    <testcase name="getOrderDetailsTest" classname="com.yzt.testcase.order.OrderTest">
        <skipped/>
    </testcase> <!-- getOrderDetailsTest -->
</testsuite> <!-- com.yzt.testcase.order.OrderTest -->
