<?xml version="1.0" encoding="UTF-8"?>
<!-- Generated by org.testng.reporters.JUnitReportReporter -->
<testsuite skipped="0" hostname="DESKTOP-G2FMAHC" name="com.yzt.testcase.IPSTest" tests="12" failures="0" timestamp="21 三月 2018 03:30:41 GMT" time="3.829" errors="0">
  <testcase name="uploadToSignTest" time="0.275" classname="com.yzt.testcase.IPSTest"/>
  <testcase name="queryUserJztTest" time="1.944" classname="com.yzt.testcase.IPSTest"/>
  <testcase name="pickUpTest" time="0.082" classname="com.yzt.testcase.IPSTest"/>
  <testcase name="saveTaskTraceTest" time="0.093" classname="com.yzt.testcase.IPSTest"/>
  <testcase name="trunkEndTest" time="0.104" classname="com.yzt.testcase.IPSTest"/>
  <testcase name="appointmentTest" time="0.398" classname="com.yzt.testcase.IPSTest"/>
  <testcase name="findMetaTest" time="0.087" classname="com.yzt.testcase.IPSTest"/>
  <testcase name="loginTest" time="0.365" classname="com.yzt.testcase.IPSTest"/>
  <testcase name="batDisWorkerTest" time="0.095" classname="com.yzt.testcase.IPSTest"/>
  <testcase name="signTest" time="0.086" classname="com.yzt.testcase.IPSTest"/>
  <testcase name="findTaskFeeTest" time="0.157" classname="com.yzt.testcase.IPSTest"/>
  <testcase name="findTaskInstallTest" time="0.143" classname="com.yzt.testcase.IPSTest"/>
</testsuite> <!-- com.yzt.testcase.IPSTest -->
