<?xml version="1.0" encoding="UTF-8"?>
<!-- Generated by org.testng.reporters.JUnitReportReporter -->
<testsuite skipped="0" hostname="DESKTOP-G2FMAHC" name="com.yzt.testcase.IPSTest" tests="2" failures="0" timestamp="20 三月 2018 08:25:28 GMT" time="17.914" errors="0">
  <testcase name="taskCountTest" time="17.555" classname="com.yzt.testcase.IPSTest"/>
  <testcase name="loginTest" time="0.359" classname="com.yzt.testcase.IPSTest"/>
</testsuite> <!-- com.yzt.testcase.IPSTest -->
