<?xml version="1.0" encoding="UTF-8"?>
<!-- Generated by org.testng.reporters.JUnitReportReporter -->
<testsuite skipped="12" hostname="DESKTOP-G2FMAHC" name="com.yzt.testcase.IPSTest" tests="13" failures="0" timestamp="14 四月 2018 07:09:34 GMT" time="0.326" errors="1">
  <testcase name="loginTest" time="0.326" classname="com.yzt.testcase.IPSTest">
    <error type="exception.customsException" message="登录失败，请确认登录账户有效性！">
      <![CDATA[exception.customsException: 登录失败，请确认登录账户有效性！
at com.yzt.service.IPSService.login(IPSService.java:60)
at com.yzt.service.IPSService$$EnhancerByCGLIB$$e8497cd2.CGLIB$login$11(<generated>)
at com.yzt.service.IPSService$$EnhancerByCGLIB$$e8497cd2$$FastClassByCGLIB$$f6190cce.invoke(<generated>)
at net.sf.cglib.proxy.MethodProxy.invokeSuper(MethodProxy.java:228)
at com.test.framework.LogProxyFactory.intercept(LogProxyFactory.java:40)
at com.yzt.service.IPSService$$EnhancerByCGLIB$$e8497cd2.login(<generated>)
at com.yzt.testcase.IPSTest.loginTest(IPSTest.java:37)
at sun.reflect.NativeMethodAccessorImpl.invoke0(Native Method)
at sun.reflect.NativeMethodAccessorImpl.invoke(NativeMethodAccessorImpl.java:62)
at sun.reflect.DelegatingMethodAccessorImpl.invoke(DelegatingMethodAccessorImpl.java:43)
at java.lang.reflect.Method.invoke(Method.java:498)
at org.testng.internal.MethodInvocationHelper.invokeMethod(MethodInvocationHelper.java:124)
at org.testng.internal.Invoker.invokeMethod(Invoker.java:580)
at org.testng.internal.Invoker.invokeTestMethod(Invoker.java:716)
at org.testng.internal.Invoker.invokeTestMethods(Invoker.java:988)
at org.testng.internal.TestMethodWorker.invokeTestMethods(TestMethodWorker.java:125)
at org.testng.internal.TestMethodWorker.run(TestMethodWorker.java:109)
at org.testng.TestRunner.privateRun(TestRunner.java:648)
at org.testng.TestRunner.run(TestRunner.java:505)
at org.testng.SuiteRunner.runTest(SuiteRunner.java:455)
at org.testng.SuiteRunner.runSequentially(SuiteRunner.java:450)
at org.testng.SuiteRunner.privateRun(SuiteRunner.java:415)
at org.testng.SuiteRunner.run(SuiteRunner.java:364)
at org.testng.SuiteRunnerWorker.runSuite(SuiteRunnerWorker.java:52)
at org.testng.SuiteRunnerWorker.run(SuiteRunnerWorker.java:84)
at org.testng.TestNG.runSuitesSequentially(TestNG.java:1208)
at org.testng.TestNG.runSuitesLocally(TestNG.java:1137)
at org.testng.TestNG.runSuites(TestNG.java:1049)
at org.testng.TestNG.run(TestNG.java:1017)
at org.apache.maven.surefire.testng.TestNGExecutor.run(TestNGExecutor.java:77)
at org.apache.maven.surefire.testng.TestNGDirectoryTestSuite.executeMulti(TestNGDirectoryTestSuite.java:159)
at org.apache.maven.surefire.testng.TestNGDirectoryTestSuite.execute(TestNGDirectoryTestSuite.java:99)
at org.apache.maven.surefire.testng.TestNGProvider.invoke(TestNGProvider.java:106)
at sun.reflect.NativeMethodAccessorImpl.invoke0(Native Method)
at sun.reflect.NativeMethodAccessorImpl.invoke(NativeMethodAccessorImpl.java:62)
at sun.reflect.DelegatingMethodAccessorImpl.invoke(DelegatingMethodAccessorImpl.java:43)
at java.lang.reflect.Method.invoke(Method.java:498)
at org.apache.maven.surefire.util.ReflectionUtils.invokeMethodWithArray(ReflectionUtils.java:189)
at org.apache.maven.surefire.booter.ProviderFactory$ProviderProxy.invoke(ProviderFactory.java:165)
at org.apache.maven.surefire.booter.ProviderFactory.invokeProvider(ProviderFactory.java:85)
at org.apache.maven.surefire.booter.ForkedBooter.runSuitesInProcess(ForkedBooter.java:115)
at org.apache.maven.surefire.booter.ForkedBooter.main(ForkedBooter.java:75)
]]>
    </error>
  </testcase> <!-- loginTest -->
  <testcase name="queryUserJztTest" time="0.000" classname="com.yzt.testcase.IPSTest">
    <skipped/>
  </testcase> <!-- queryUserJztTest -->
  <testcase name="findTaskInstallTest" time="0.000" classname="com.yzt.testcase.IPSTest">
    <skipped/>
  </testcase> <!-- findTaskInstallTest -->
  <testcase name="pickUpTest" time="0.000" classname="com.yzt.testcase.IPSTest">
    <skipped/>
  </testcase> <!-- pickUpTest -->
  <testcase name="taskCountTest" time="0.000" classname="com.yzt.testcase.IPSTest">
    <skipped/>
  </testcase> <!-- taskCountTest -->
  <testcase name="uploadToSignTest" time="0.000" classname="com.yzt.testcase.IPSTest">
    <skipped/>
  </testcase> <!-- uploadToSignTest -->
  <testcase name="batDisWorkerTest" time="0.000" classname="com.yzt.testcase.IPSTest">
    <skipped/>
  </testcase> <!-- batDisWorkerTest -->
  <testcase name="signTest" time="0.000" classname="com.yzt.testcase.IPSTest">
    <skipped/>
  </testcase> <!-- signTest -->
  <testcase name="findTaskFeeTest" time="0.000" classname="com.yzt.testcase.IPSTest">
    <skipped/>
  </testcase> <!-- findTaskFeeTest -->
  <testcase name="findMetaTest" time="0.000" classname="com.yzt.testcase.IPSTest">
    <skipped/>
  </testcase> <!-- findMetaTest -->
  <testcase name="appointmentTest" time="0.000" classname="com.yzt.testcase.IPSTest">
    <skipped/>
  </testcase> <!-- appointmentTest -->
  <testcase name="trunkEndTest" time="0.000" classname="com.yzt.testcase.IPSTest">
    <skipped/>
  </testcase> <!-- trunkEndTest -->
  <testcase name="saveTaskTraceTest" time="0.000" classname="com.yzt.testcase.IPSTest">
    <skipped/>
  </testcase> <!-- saveTaskTraceTest -->
</testsuite> <!-- com.yzt.testcase.IPSTest -->
