<?xml version="1.0" encoding="UTF-8"?>
<!-- Generated by org.testng.reporters.JUnitReportReporter -->
<testsuite skipped="0" hostname="DESKTOP-G2FMAHC" name="com.yzt.testcase.IPSTest" tests="13" failures="0" timestamp="10 四月 2018 09:34:32 GMT" time="9.572" errors="0">
  <testcase name="batDisWorkerTest" time="0.060" classname="com.yzt.testcase.IPSTest"/>
  <testcase name="signTest" time="0.058" classname="com.yzt.testcase.IPSTest"/>
  <testcase name="uploadToSignTest" time="0.171" classname="com.yzt.testcase.IPSTest"/>
  <testcase name="trunkEndTest" time="0.061" classname="com.yzt.testcase.IPSTest"/>
  <testcase name="saveTaskTraceTest" time="0.047" classname="com.yzt.testcase.IPSTest"/>
  <testcase name="pickUpTest" time="0.055" classname="com.yzt.testcase.IPSTest"/>
  <testcase name="queryUserJztTest" time="0.808" classname="com.yzt.testcase.IPSTest"/>
  <testcase name="taskCountTest" time="7.855" classname="com.yzt.testcase.IPSTest"/>
  <testcase name="loginTest" time="0.239" classname="com.yzt.testcase.IPSTest"/>
  <testcase name="findTaskInstallTest" time="0.061" classname="com.yzt.testcase.IPSTest"/>
  <testcase name="findTaskFeeTest" time="0.042" classname="com.yzt.testcase.IPSTest"/>
  <testcase name="findMetaTest" time="0.053" classname="com.yzt.testcase.IPSTest"/>
  <testcase name="appointmentTest" time="0.062" classname="com.yzt.testcase.IPSTest"/>
</testsuite> <!-- com.yzt.testcase.IPSTest -->
